2023-07-26 22:26:12 - 41159 - Created file: /Users/muralikrishnan/Desktop/murali/python_folder/learn_modules/dummy_test/old.txt
2023-07-26 22:26:12 - 41159 - Modified directory: /Users/muralikrishnan/Desktop/murali/python_folder/learn_modules/dummy_test
2023-07-26 22:26:18 - 41159 - Created file: /Users/muralikrishnan/Desktop/murali/python_folder/learn_modules/dummy_test/.old.txt.swx
2023-07-26 22:26:18 - 41159 - Modified directory: /Users/muralikrishnan/Desktop/murali/python_folder/learn_modules/dummy_test
2023-07-26 22:26:18 - 41159 - Deleted file: /Users/muralikrishnan/Desktop/murali/python_folder/learn_modules/dummy_test/.old.txt.swx
2023-07-26 22:26:18 - 41159 - Modified directory: /Users/muralikrishnan/Desktop/murali/python_folder/learn_modules/dummy_test
2023-07-26 22:26:18 - 41159 - Created file: /Users/muralikrishnan/Desktop/murali/python_folder/learn_modules/dummy_test/.old.txt.swp
2023-07-26 22:26:18 - 41159 - Modified directory: /Users/muralikrishnan/Desktop/murali/python_folder/learn_modules/dummy_test
2023-07-26 22:26:18 - 41159 - Deleted file: /Users/muralikrishnan/Desktop/murali/python_folder/learn_modules/dummy_test/.old.txt.swp
2023-07-26 22:26:18 - 41159 - Modified directory: /Users/muralikrishnan/Desktop/murali/python_folder/learn_modules/dummy_test
2023-07-26 22:26:18 - 41159 - Created file: /Users/muralikrishnan/Desktop/murali/python_folder/learn_modules/dummy_test/.old.txt.swp
2023-07-26 22:26:18 - 41159 - Modified directory: /Users/muralikrishnan/Desktop/murali/python_folder/learn_modules/dummy_test
2023-07-26 22:26:18 - 41159 - Modified file: /Users/muralikrishnan/Desktop/murali/python_folder/learn_modules/dummy_test/.old.txt.swp
2023-07-26 22:26:27 - 41159 - Created file: /Users/muralikrishnan/Desktop/murali/python_folder/learn_modules/dummy_test/4913
2023-07-26 22:26:27 - 41159 - Modified directory: /Users/muralikrishnan/Desktop/murali/python_folder/learn_modules/dummy_test
2023-07-26 22:26:27 - 41159 - Modified file: /Users/muralikrishnan/Desktop/murali/python_folder/learn_modules/dummy_test/4913
2023-07-26 22:26:27 - 41159 - Deleted file: /Users/muralikrishnan/Desktop/murali/python_folder/learn_modules/dummy_test/4913
2023-07-26 22:26:27 - 41159 - Modified directory: /Users/muralikrishnan/Desktop/murali/python_folder/learn_modules/dummy_test
2023-07-26 22:26:27 - 41159 - Moved file: from /Users/muralikrishnan/Desktop/murali/python_folder/learn_modules/dummy_test/old.txt to /Users/muralikrishnan/Desktop/murali/python_folder/learn_modules/dummy_test/old.txt~
2023-07-26 22:26:27 - 41159 - Modified directory: /Users/muralikrishnan/Desktop/murali/python_folder/learn_modules/dummy_test
2023-07-26 22:26:27 - 41159 - Created file: /Users/muralikrishnan/Desktop/murali/python_folder/learn_modules/dummy_test/old.txt
2023-07-26 22:26:27 - 41159 - Modified directory: /Users/muralikrishnan/Desktop/murali/python_folder/learn_modules/dummy_test
2023-07-26 22:26:27 - 41159 - Modified file: /Users/muralikrishnan/Desktop/murali/python_folder/learn_modules/dummy_test/old.txt
2023-07-26 22:26:27 - 41159 - Modified file: /Users/muralikrishnan/Desktop/murali/python_folder/learn_modules/dummy_test/old.txt
2023-07-26 22:26:27 - 41159 - Deleted file: /Users/muralikrishnan/Desktop/murali/python_folder/learn_modules/dummy_test/old.txt~
2023-07-26 22:26:27 - 41159 - Modified directory: /Users/muralikrishnan/Desktop/murali/python_folder/learn_modules/dummy_test
2023-07-26 22:26:27 - 41159 - Modified file: /Users/muralikrishnan/Desktop/murali/python_folder/learn_modules/dummy_test/.old.txt.swp
2023-07-26 22:26:27 - 41159 - Deleted file: /Users/muralikrishnan/Desktop/murali/python_folder/learn_modules/dummy_test/.old.txt.swp
2023-07-26 22:26:27 - 41159 - Modified directory: /Users/muralikrishnan/Desktop/murali/python_folder/learn_modules/dummy_test
2023-07-26 22:26:35 - 41159 - Created directory: /Users/muralikrishnan/Desktop/murali/python_folder/learn_modules/dummy_test/dummy
2023-07-26 22:26:35 - 41159 - Modified directory: /Users/muralikrishnan/Desktop/murali/python_folder/learn_modules/dummy_test
2023-07-26 22:26:42 - 41159 - Deleted directory: /Users/muralikrishnan/Desktop/murali/python_folder/learn_modules/dummy_test/dummy
2023-07-26 22:26:42 - 41159 - Modified directory: /Users/muralikrishnan/Desktop/murali/python_folder/learn_modules/dummy_test
2023-07-26 22:40:33 - 41622 - Created file: /Users/muralikrishnan/Desktop/murali/python_folder/learn_modules/dummy_test/rally.oiuser: muralikrishnan
2023-07-26 22:40:33 - 41622 - Modified directory: /Users/muralikrishnan/Desktop/murali/python_folder/learn_modules/dummy_testuser: muralikrishnan
2023-07-26 22:40:45 - 41622 - Created file: /Users/muralikrishnan/Desktop/murali/python_folder/learn_modules/dummy_test/adssad.reetuser: muralikrishnan
2023-07-26 22:40:45 - 41622 - Modified directory: /Users/muralikrishnan/Desktop/murali/python_folder/learn_modules/dummy_testuser: muralikrishnan
2023-07-26 22:40:49 - 41622 - Created file: /Users/muralikrishnan/Desktop/murali/python_folder/learn_modules/dummy_test/.adssad.reet.swxuser: muralikrishnan
2023-07-26 22:40:49 - 41622 - Modified directory: /Users/muralikrishnan/Desktop/murali/python_folder/learn_modules/dummy_testuser: muralikrishnan
2023-07-26 22:40:49 - 41622 - Deleted file: /Users/muralikrishnan/Desktop/murali/python_folder/learn_modules/dummy_test/.adssad.reet.swxuser: muralikrishnan
2023-07-26 22:40:49 - 41622 - Modified directory: /Users/muralikrishnan/Desktop/murali/python_folder/learn_modules/dummy_testuser: muralikrishnan
2023-07-26 22:40:49 - 41622 - Created file: /Users/muralikrishnan/Desktop/murali/python_folder/learn_modules/dummy_test/.adssad.reet.swpuser: muralikrishnan
2023-07-26 22:40:49 - 41622 - Modified directory: /Users/muralikrishnan/Desktop/murali/python_folder/learn_modules/dummy_testuser: muralikrishnan
2023-07-26 22:40:49 - 41622 - Deleted file: /Users/muralikrishnan/Desktop/murali/python_folder/learn_modules/dummy_test/.adssad.reet.swpuser: muralikrishnan
2023-07-26 22:40:49 - 41622 - Modified directory: /Users/muralikrishnan/Desktop/murali/python_folder/learn_modules/dummy_testuser: muralikrishnan
2023-07-26 22:40:49 - 41622 - Created file: /Users/muralikrishnan/Desktop/murali/python_folder/learn_modules/dummy_test/.adssad.reet.swpuser: muralikrishnan
2023-07-26 22:40:49 - 41622 - Modified directory: /Users/muralikrishnan/Desktop/murali/python_folder/learn_modules/dummy_testuser: muralikrishnan
2023-07-26 22:40:49 - 41622 - Modified file: /Users/muralikrishnan/Desktop/murali/python_folder/learn_modules/dummy_test/.adssad.reet.swpuser: muralikrishnan
2023-07-26 22:41:02 - 41622 - Created file: /Users/muralikrishnan/Desktop/murali/python_folder/learn_modules/dummy_test/4913user: muralikrishnan
2023-07-26 22:41:02 - 41622 - Modified directory: /Users/muralikrishnan/Desktop/murali/python_folder/learn_modules/dummy_testuser: muralikrishnan
2023-07-26 22:41:02 - 41622 - Modified file: /Users/muralikrishnan/Desktop/murali/python_folder/learn_modules/dummy_test/4913user: muralikrishnan
2023-07-26 22:41:02 - 41622 - Deleted file: /Users/muralikrishnan/Desktop/murali/python_folder/learn_modules/dummy_test/4913user: muralikrishnan
2023-07-26 22:41:02 - 41622 - Modified directory: /Users/muralikrishnan/Desktop/murali/python_folder/learn_modules/dummy_testuser: muralikrishnan
2023-07-26 22:41:02 - 41622 - Moved file: from /Users/muralikrishnan/Desktop/murali/python_folder/learn_modules/dummy_test/adssad.reet to /Users/muralikrishnan/Desktop/murali/python_folder/learn_modules/dummy_test/adssad.reet~user: muralikrishnan
2023-07-26 22:41:02 - 41622 - Modified directory: /Users/muralikrishnan/Desktop/murali/python_folder/learn_modules/dummy_testuser: muralikrishnan
2023-07-26 22:41:02 - 41622 - Created file: /Users/muralikrishnan/Desktop/murali/python_folder/learn_modules/dummy_test/adssad.reetuser: muralikrishnan
2023-07-26 22:41:02 - 41622 - Modified directory: /Users/muralikrishnan/Desktop/murali/python_folder/learn_modules/dummy_testuser: muralikrishnan
2023-07-26 22:41:02 - 41622 - Modified file: /Users/muralikrishnan/Desktop/murali/python_folder/learn_modules/dummy_test/adssad.reetuser: muralikrishnan
2023-07-26 22:41:02 - 41622 - Modified file: /Users/muralikrishnan/Desktop/murali/python_folder/learn_modules/dummy_test/adssad.reetuser: muralikrishnan
2023-07-26 22:41:02 - 41622 - Deleted file: /Users/muralikrishnan/Desktop/murali/python_folder/learn_modules/dummy_test/adssad.reet~user: muralikrishnan
2023-07-26 22:41:02 - 41622 - Modified directory: /Users/muralikrishnan/Desktop/murali/python_folder/learn_modules/dummy_testuser: muralikrishnan
2023-07-26 22:41:02 - 41622 - Modified file: /Users/muralikrishnan/Desktop/murali/python_folder/learn_modules/dummy_test/.adssad.reet.swpuser: muralikrishnan
2023-07-26 22:41:02 - 41622 - Deleted file: /Users/muralikrishnan/Desktop/murali/python_folder/learn_modules/dummy_test/.adssad.reet.swpuser: muralikrishnan
2023-07-26 22:41:02 - 41622 - Modified directory: /Users/muralikrishnan/Desktop/murali/python_folder/learn_modules/dummy_testuser: muralikrishnan
2023-07-27 11:19:54 - 44882 - Created file: /Users/muralikrishnan/Desktop/murali/learn_modules/dummy_test/.rally.oi.swxuser: muralikrishnan
2023-07-27 11:19:54 - 44882 - Deleted file: /Users/muralikrishnan/Desktop/murali/learn_modules/dummy_test/.rally.oi.swxuser: muralikrishnan
2023-07-27 11:19:54 - 44882 - Created file: /Users/muralikrishnan/Desktop/murali/learn_modules/dummy_test/.rally.oi.swpuser: muralikrishnan
2023-07-27 11:19:54 - 44882 - Deleted file: /Users/muralikrishnan/Desktop/murali/learn_modules/dummy_test/.rally.oi.swpuser: muralikrishnan
2023-07-27 11:19:54 - 44882 - Created file: /Users/muralikrishnan/Desktop/murali/learn_modules/dummy_test/.rally.oi.swpuser: muralikrishnan
2023-07-27 11:20:07 - 44882 - Created file: /Users/muralikrishnan/Desktop/murali/learn_modules/dummy_test/4913user: muralikrishnan
2023-07-27 11:20:07 - 44882 - Deleted file: /Users/muralikrishnan/Desktop/murali/learn_modules/dummy_test/4913user: muralikrishnan
2023-07-27 11:20:07 - 44882 - Moved file: from /Users/muralikrishnan/Desktop/murali/learn_modules/dummy_test/rally.oi to /Users/muralikrishnan/Desktop/murali/learn_modules/dummy_test/rally.oi~user: muralikrishnan
2023-07-27 11:20:07 - 44882 - Created file: /Users/muralikrishnan/Desktop/murali/learn_modules/dummy_test/rally.oiuser: muralikrishnan
2023-07-27 11:20:07 - 44882 - Deleted file: /Users/muralikrishnan/Desktop/murali/learn_modules/dummy_test/rally.oi~user: muralikrishnan
2023-07-27 11:20:07 - 44882 - Deleted file: /Users/muralikrishnan/Desktop/murali/learn_modules/dummy_test/.rally.oi.swpuser: muralikrishnan
2023-07-27 11:24:42 - 45132 - Created file: /Users/muralikrishnan/Desktop/murali/learn_modules/dummy_test/.old.txt.swxuser: muralikrishnan
2023-07-27 11:24:42 - 45132 - Deleted file: /Users/muralikrishnan/Desktop/murali/learn_modules/dummy_test/.old.txt.swxuser: muralikrishnan
2023-07-27 11:24:42 - 45132 - Created file: /Users/muralikrishnan/Desktop/murali/learn_modules/dummy_test/.old.txt.swpuser: muralikrishnan
2023-07-27 11:24:42 - 45132 - Deleted file: /Users/muralikrishnan/Desktop/murali/learn_modules/dummy_test/.old.txt.swpuser: muralikrishnan
2023-07-27 11:24:42 - 45132 - Created file: /Users/muralikrishnan/Desktop/murali/learn_modules/dummy_test/.old.txt.swpuser: muralikrishnan
2023-07-27 11:24:57 - 45132 - Created file: /Users/muralikrishnan/Desktop/murali/learn_modules/dummy_test/4913user: muralikrishnan
2023-07-27 11:24:57 - 45132 - Deleted file: /Users/muralikrishnan/Desktop/murali/learn_modules/dummy_test/4913user: muralikrishnan
2023-07-27 11:24:57 - 45132 - Moved file: from /Users/muralikrishnan/Desktop/murali/learn_modules/dummy_test/old.txt to /Users/muralikrishnan/Desktop/murali/learn_modules/dummy_test/old.txt~user: muralikrishnan
2023-07-27 11:24:57 - 45132 - Created file: /Users/muralikrishnan/Desktop/murali/learn_modules/dummy_test/old.txtuser: muralikrishnan
2023-07-27 11:24:58 - 45132 - Deleted file: /Users/muralikrishnan/Desktop/murali/learn_modules/dummy_test/old.txt~user: muralikrishnan
2023-07-27 11:24:58 - 45132 - Deleted file: /Users/muralikrishnan/Desktop/murali/learn_modules/dummy_test/.old.txt.swpuser: muralikrishnan
2023-07-27 11:28:23 - 45364 - Created file: /Users/muralikrishnan/Desktop/murali/learn_modules/dummy_test/.adssad.reet.swxuser: muralikrishnan
2023-07-27 11:28:23 - 45364 - Deleted file: /Users/muralikrishnan/Desktop/murali/learn_modules/dummy_test/.adssad.reet.swxuser: muralikrishnan
2023-07-27 11:28:23 - 45364 - Created file: /Users/muralikrishnan/Desktop/murali/learn_modules/dummy_test/.adssad.reet.swpuser: muralikrishnan
2023-07-27 11:28:23 - 45364 - Deleted file: /Users/muralikrishnan/Desktop/murali/learn_modules/dummy_test/.adssad.reet.swpuser: muralikrishnan
2023-07-27 11:28:23 - 45364 - Created file: /Users/muralikrishnan/Desktop/murali/learn_modules/dummy_test/.adssad.reet.swpuser: muralikrishnan
2023-07-27 11:28:31 - 45364 - Created file: /Users/muralikrishnan/Desktop/murali/learn_modules/dummy_test/4913user: muralikrishnan
2023-07-27 11:28:31 - 45364 - Deleted file: /Users/muralikrishnan/Desktop/murali/learn_modules/dummy_test/4913user: muralikrishnan
2023-07-27 11:28:31 - 45364 - Moved file: from /Users/muralikrishnan/Desktop/murali/learn_modules/dummy_test/adssad.reet to /Users/muralikrishnan/Desktop/murali/learn_modules/dummy_test/adssad.reet~user: muralikrishnan
2023-07-27 11:28:31 - 45364 - Created file: /Users/muralikrishnan/Desktop/murali/learn_modules/dummy_test/adssad.reetuser: muralikrishnan
2023-07-27 11:28:31 - 45364 - Deleted file: /Users/muralikrishnan/Desktop/murali/learn_modules/dummy_test/adssad.reet~user: muralikrishnan
2023-07-27 11:28:31 - 45364 - Deleted file: /Users/muralikrishnan/Desktop/murali/learn_modules/dummy_test/.adssad.reet.swpuser: muralikrishnan
2023-07-27 11:33:51 - 46059 - Deleted file: /Users/muralikrishnan/Desktop/murali/learn_modules/dummy_test/new.txtuser: muralikrishnan
2023-07-27 11:35:55 - 46145 - Created file: /Users/muralikrishnan/Desktop/murali/learn_modules/dummy_test/.adssad.reet.swxuser: muralikrishnan
2023-07-27 11:35:55 - 46145 - Deleted file: /Users/muralikrishnan/Desktop/murali/learn_modules/dummy_test/.adssad.reet.swxuser: muralikrishnan
2023-07-27 11:35:55 - 46145 - Created file: /Users/muralikrishnan/Desktop/murali/learn_modules/dummy_test/.adssad.reet.swpuser: muralikrishnan
2023-07-27 11:35:55 - 46145 - Deleted file: /Users/muralikrishnan/Desktop/murali/learn_modules/dummy_test/.adssad.reet.swpuser: muralikrishnan
2023-07-27 11:35:55 - 46145 - Created file: /Users/muralikrishnan/Desktop/murali/learn_modules/dummy_test/.adssad.reet.swpuser: muralikrishnan
2023-07-27 11:36:24 - 46145 - Created file: /Users/muralikrishnan/Desktop/murali/learn_modules/dummy_test/4913user: muralikrishnan
2023-07-27 11:36:24 - 46145 - Deleted file: /Users/muralikrishnan/Desktop/murali/learn_modules/dummy_test/4913user: muralikrishnan
2023-07-27 11:36:24 - 46145 - Moved file: from /Users/muralikrishnan/Desktop/murali/learn_modules/dummy_test/adssad.reet to /Users/muralikrishnan/Desktop/murali/learn_modules/dummy_test/adssad.reet~user: muralikrishnan
2023-07-27 11:36:24 - 46145 - Created file: /Users/muralikrishnan/Desktop/murali/learn_modules/dummy_test/adssad.reetuser: muralikrishnan
2023-07-27 11:36:24 - 46145 - Deleted file: /Users/muralikrishnan/Desktop/murali/learn_modules/dummy_test/adssad.reet~user: muralikrishnan
2023-07-27 11:36:24 - 46145 - Deleted file: /Users/muralikrishnan/Desktop/murali/learn_modules/dummy_test/.adssad.reet.swpuser: muralikrishnan
2023-07-27 11:38:43 - 46309 - Created file: /Users/muralikrishnan/Desktop/murali/learn_modules/dummy_test/.rally.oi.swxuser: muralikrishnan
2023-07-27 11:38:43 - 46309 - Deleted file: /Users/muralikrishnan/Desktop/murali/learn_modules/dummy_test/.rally.oi.swxuser: muralikrishnan
2023-07-27 11:38:43 - 46309 - Created file: /Users/muralikrishnan/Desktop/murali/learn_modules/dummy_test/.rally.oi.swpuser: muralikrishnan
2023-07-27 11:38:43 - 46309 - Deleted file: /Users/muralikrishnan/Desktop/murali/learn_modules/dummy_test/.rally.oi.swpuser: muralikrishnan
2023-07-27 11:38:43 - 46309 - Created file: /Users/muralikrishnan/Desktop/murali/learn_modules/dummy_test/.rally.oi.swpuser: muralikrishnan
2023-07-27 11:39:10 - 46309 - Created file: /Users/muralikrishnan/Desktop/murali/learn_modules/dummy_test/4913user: muralikrishnan
